Biolap/app/build/intermediates/manifest_merge_blame_file/debug/processDebugMainManifest/manifest-merger-blame-debug-report.txt
1<?xml version="1.0" encoding="utf-8"?>
2<manifest xmlns:android="http://schemas.android.com/apk/res/android"
3    package="com.example.biolap"
4    android:versionCode="1"
5    android:versionName="1.0" >
6
7    <uses-sdk
8        android:minSdkVersion="24"
9        android:targetSdkVersion="34" />
10
11    <uses-permission android:name="android.permission.INTERNET" />
11-->src\main\AndroidManifest.xml:5:5-67
11-->src\main\AndroidManifest.xml:5:22-64
12
13    <permission
13-->[androidx.core:core:1.13.0] AndroidManifest.xml:22:5-24:47
14        android:name="com.example.biolap.DYNAMIC_RECEIVER_NOT_EXPORTED_PERMISSION"
14-->[androidx.core:core:1.13.0] AndroidManifest.xml:23:9-81
15        android:protectionLevel="signature" />
15-->[androidx.core:core:1.13.0] AndroidManifest.xml:24:9-44
16
17    <uses-permission android:name="com.example.biolap.DYNAMIC_RECEIVER_NOT_EXPORTED_PERMISSION" />
17-->[androidx.core:core:1.13.0] AndroidManifest.xml:26:5-97
17-->[androidx.core:core:1.13.0] AndroidManifest.xml:26:22-94
18
19    <application
19-->src\main\AndroidManifest.xml:7:5-87:19
20        android:allowBackup="true"
20-->src\main\AndroidManifest.xml:8:9-35
21        android:appComponentFactory="androidx.core.app.CoreComponentFactory"
21-->[androidx.core:core:1.13.0] AndroidManifest.xml:28:18-86
22        android:dataExtractionRules="@xml/data_extraction_rules"
22-->src\main\AndroidManifest.xml:9:9-65
23        android:debuggable="true"
24        android:extractNativeLibs="false"
25        android:fullBackupContent="@xml/backup_rules"
25-->src\main\AndroidManifest.xml:10:9-54
26        android:icon="@mipmap/ic_launcher"
26-->src\main\AndroidManifest.xml:11:9-43
27        android:label="@string/app_name"
27-->src\main\AndroidManifest.xml:12:9-41
28        android:roundIcon="@mipmap/ic_launcher_round"
28-->src\main\AndroidManifest.xml:13:9-54
29        android:supportsRtl="true"
29-->src\main\AndroidManifest.xml:14:9-35
30        android:testOnly="true"
31        android:theme="@style/Theme.Biolap"
31-->src\main\AndroidManifest.xml:15:9-44
32        android:usesCleartextTraffic="true" >
32-->src\main\AndroidManifest.xml:16:9-44
33        <activity
33-->src\main\AndroidManifest.xml:18:9-20:40
34            android:name="com.example.biolap.nomenclaturaMenu"
34-->src\main\AndroidManifest.xml:19:13-45
35            android:exported="false" />
35-->src\main\AndroidManifest.xml:20:13-37
36        <activity
36-->src\main\AndroidManifest.xml:21:9-25:56
37            android:name="com.example.biolap.cambiar_datos"
37-->src\main\AndroidManifest.xml:22:13-42
38            android:exported="false"
38-->src\main\AndroidManifest.xml:23:13-37
39            android:screenOrientation="portrait" />
39-->src\main\AndroidManifest.xml:24:13-49
40        <activity
40-->src\main\AndroidManifest.xml:26:9-30:56
41            android:name="com.example.biolap.nomenclaturas"
41-->src\main\AndroidManifest.xml:27:13-42
42            android:exported="false"
42-->src\main\AndroidManifest.xml:28:13-37
43            android:screenOrientation="portrait" />
43-->src\main\AndroidManifest.xml:29:13-49
44        <activity
44-->src\main\AndroidManifest.xml:31:9-35:56
45            android:name="com.example.biolap.gestionarAnalisis"
45-->src\main\AndroidManifest.xml:32:13-46
46            android:exported="false"
46-->src\main\AndroidManifest.xml:33:13-37
47            android:screenOrientation="portrait" />
47-->src\main\AndroidManifest.xml:34:13-49
48        <activity
48-->src\main\AndroidManifest.xml:36:9-40:56
49            android:name="com.example.biolap.cuentaAjustes"
49-->src\main\AndroidManifest.xml:37:13-42
50            android:exported="false"
50-->src\main\AndroidManifest.xml:38:13-37
51            android:screenOrientation="portrait" />
51-->src\main\AndroidManifest.xml:39:13-49
52        <activity
52-->src\main\AndroidManifest.xml:41:9-45:56
53            android:name="com.example.biolap.perfilAjuste"
53-->src\main\AndroidManifest.xml:42:13-41
54            android:exported="false"
54-->src\main\AndroidManifest.xml:43:13-37
55            android:screenOrientation="portrait" />
55-->src\main\AndroidManifest.xml:44:13-49
56        <activity
56-->src\main\AndroidManifest.xml:46:9-50:56
57            android:name="com.example.biolap.ajustes"
57-->src\main\AndroidManifest.xml:47:13-36
58            android:exported="false"
58-->src\main\AndroidManifest.xml:48:13-37
59            android:screenOrientation="portrait" />
59-->src\main\AndroidManifest.xml:49:13-49
60        <activity
60-->src\main\AndroidManifest.xml:51:9-55:56
61            android:name="com.example.biolap.nuevaNomenclatura"
61-->src\main\AndroidManifest.xml:52:13-46
62            android:exported="false"
62-->src\main\AndroidManifest.xml:53:13-37
63            android:screenOrientation="portrait" />
63-->src\main\AndroidManifest.xml:54:13-49
64        <activity
64-->src\main\AndroidManifest.xml:56:9-60:56
65            android:name="com.example.biolap.formPacientes"
65-->src\main\AndroidManifest.xml:57:13-42
66            android:exported="false"
66-->src\main\AndroidManifest.xml:58:13-37
67            android:screenOrientation="portrait" />
67-->src\main\AndroidManifest.xml:59:13-49
68        <activity
68-->src\main\AndroidManifest.xml:61:9-65:56
69            android:name="com.example.biolap.registrarUsuario"
69-->src\main\AndroidManifest.xml:62:13-45
70            android:exported="false"
70-->src\main\AndroidManifest.xml:63:13-37
71            android:screenOrientation="portrait" />
71-->src\main\AndroidManifest.xml:64:13-49
72        <activity
72-->src\main\AndroidManifest.xml:66:9-70:56
73            android:name="com.example.biolap.menuPrincipal"
73-->src\main\AndroidManifest.xml:67:13-42
74            android:exported="false"
74-->src\main\AndroidManifest.xml:68:13-37
75            android:screenOrientation="portrait" />
75-->src\main\AndroidManifest.xml:69:13-49
76        <activity
76-->src\main\AndroidManifest.xml:71:9-75:56
77            android:name="com.example.biolap.analisisRutina"
77-->src\main\AndroidManifest.xml:72:13-43
78            android:exported="false"
78-->src\main\AndroidManifest.xml:73:13-37
79            android:screenOrientation="portrait" />
79-->src\main\AndroidManifest.xml:74:13-49
80        <activity
80-->src\main\AndroidManifest.xml:76:9-86:20
81            android:name="com.example.biolap.LogIn"
81-->src\main\AndroidManifest.xml:77:13-34
82            android:exported="true"
82-->src\main\AndroidManifest.xml:78:13-36
83            android:screenOrientation="portrait" >
83-->src\main\AndroidManifest.xml:79:13-49
84            <intent-filter>
84-->src\main\AndroidManifest.xml:81:13-85:29
85                <action android:name="android.intent.action.MAIN" />
85-->src\main\AndroidManifest.xml:82:17-69
85-->src\main\AndroidManifest.xml:82:25-66
86
87                <category android:name="android.intent.category.LAUNCHER" />
87-->src\main\AndroidManifest.xml:84:17-77
87-->src\main\AndroidManifest.xml:84:27-74
88            </intent-filter>
89        </activity>
90
91        <provider
91-->[androidx.emoji2:emoji2:1.2.0] AndroidManifest.xml:24:9-32:20
92            android:name="androidx.startup.InitializationProvider"
92-->[androidx.emoji2:emoji2:1.2.0] AndroidManifest.xml:25:13-67
93            android:authorities="com.example.biolap.androidx-startup"
93-->[androidx.emoji2:emoji2:1.2.0] AndroidManifest.xml:26:13-68
94            android:exported="false" >
94-->[androidx.emoji2:emoji2:1.2.0] AndroidManifest.xml:27:13-37
95            <meta-data
95-->[androidx.emoji2:emoji2:1.2.0] AndroidManifest.xml:29:13-31:52
96                android:name="androidx.emoji2.text.EmojiCompatInitializer"
96-->[androidx.emoji2:emoji2:1.2.0] AndroidManifest.xml:30:17-75
97                android:value="androidx.startup" />
97-->[androidx.emoji2:emoji2:1.2.0] AndroidManifest.xml:31:17-49
98            <meta-data
98-->[androidx.lifecycle:lifecycle-process:2.6.2] AndroidManifest.xml:29:13-31:52
99                android:name="androidx.lifecycle.ProcessLifecycleInitializer"
99-->[androidx.lifecycle:lifecycle-process:2.6.2] AndroidManifest.xml:30:17-78
100                android:value="androidx.startup" />
100-->[androidx.lifecycle:lifecycle-process:2.6.2] AndroidManifest.xml:31:17-49
101            <meta-data
101-->[androidx.profileinstaller:profileinstaller:1.3.1] AndroidManifest.xml:29:13-31:52
102                android:name="androidx.profileinstaller.ProfileInstallerInitializer"
102-->[androidx.profileinstaller:profileinstaller:1.3.1] AndroidManifest.xml:30:17-85
103                android:value="androidx.startup" />
103-->[androidx.profileinstaller:profileinstaller:1.3.1] AndroidManifest.xml:31:17-49
104        </provider>
105
106        <receiver
106-->[androidx.profileinstaller:profileinstaller:1.3.1] AndroidManifest.xml:34:9-52:20
107            android:name="androidx.profileinstaller.ProfileInstallReceiver"
107-->[androidx.profileinstaller:profileinstaller:1.3.1] AndroidManifest.xml:35:13-76
108            android:directBootAware="false"
108-->[androidx.profileinstaller:profileinstaller:1.3.1] AndroidManifest.xml:36:13-44
109            android:enabled="true"
109-->[androidx.profileinstaller:profileinstaller:1.3.1] AndroidManifest.xml:37:13-35
110            android:exported="true"
110-->[androidx.profileinstaller:profileinstaller:1.3.1] AndroidManifest.xml:38:13-36
111            android:permission="android.permission.DUMP" >
111-->[androidx.profileinstaller:profileinstaller:1.3.1] AndroidManifest.xml:39:13-57
112            <intent-filter>
112-->[androidx.profileinstaller:profileinstaller:1.3.1] AndroidManifest.xml:40:13-42:29
113                <action android:name="androidx.profileinstaller.action.INSTALL_PROFILE" />
113-->[androidx.profileinstaller:profileinstaller:1.3.1] AndroidManifest.xml:41:17-91
113-->[androidx.profileinstaller:profileinstaller:1.3.1] AndroidManifest.xml:41:25-88
114            </intent-filter>
115            <intent-filter>
115-->[androidx.profileinstaller:profileinstaller:1.3.1] AndroidManifest.xml:43:13-45:29
116                <action android:name="androidx.profileinstaller.action.SKIP_FILE" />
116-->[androidx.profileinstaller:profileinstaller:1.3.1] AndroidManifest.xml:44:17-85
116-->[androidx.profileinstaller:profileinstaller:1.3.1] AndroidManifest.xml:44:25-82
117            </intent-filter>
118            <intent-filter>
118-->[androidx.profileinstaller:profileinstaller:1.3.1] AndroidManifest.xml:46:13-48:29
119                <action android:name="androidx.profileinstaller.action.SAVE_PROFILE" />
119-->[androidx.profileinstaller:profileinstaller:1.3.1] AndroidManifest.xml:47:17-88
119-->[androidx.profileinstaller:profileinstaller:1.3.1] AndroidManifest.xml:47:25-85
120            </intent-filter>
121            <intent-filter>
121-->[androidx.profileinstaller:profileinstaller:1.3.1] AndroidManifest.xml:49:13-51:29
122                <action android:name="androidx.profileinstaller.action.BENCHMARK_OPERATION" />
122-->[androidx.profileinstaller:profileinstaller:1.3.1] AndroidManifest.xml:50:17-95
122-->[androidx.profileinstaller:profileinstaller:1.3.1] AndroidManifest.xml:50:25-92
123            </intent-filter>
124        </receiver>
125    </application>
126
127</manifest>